TN:
SF:script/DeployLottery.s.sol
FN:12,DeployLottery.run
FNDA:8,DeployLottery.run
DA:13,8
DA:13,8
DA:13,8
DA:15,8
DA:15,8
DA:23,8
DA:23,8
DA:25,8
DA:25,8
BRDA:25,0,0,-
BRDA:25,0,1,8
DA:26,8
DA:26,8
DA:26,8
DA:27,8
DA:27,8
DA:31,8
DA:31,8
DA:31,8
DA:32,8
DA:32,8
DA:39,8
DA:39,8
DA:40,8
DA:40,8
DA:48,8
DA:48,8
DA:50,8
DA:50,8
DA:50,8
DA:51,8
DA:51,8
DA:57,8
DA:57,8
FNF:1
FNH:1
LF:14
LH:14
BRF:2
BRH:1
end_of_record
TN:
SF:script/HelperConfig.s.sol
FN:29,HelperConfig.getOrCreateAnvilEthConfig
FNDA:0,HelperConfig.getOrCreateAnvilEthConfig
DA:30,0
DA:30,0
DA:30,0
BRDA:30,0,0,-
BRDA:30,0,1,-
DA:31,0
DA:31,0
DA:34,0
DA:34,0
DA:35,0
DA:35,0
DA:37,0
DA:37,0
DA:38,0
DA:38,0
DA:38,0
DA:42,0
DA:42,0
DA:44,0
DA:44,0
DA:44,0
DA:46,0
DA:46,0
DA:46,0
DA:55,0
DA:55,0
FN:58,HelperConfig.getSepoliaEthConfig
FNDA:0,HelperConfig.getSepoliaEthConfig
DA:59,0
DA:59,0
DA:60,0
DA:60,0
FN:71,HelperConfig.getActiveNetworkConfig
FNDA:0,HelperConfig.getActiveNetworkConfig
DA:76,0
DA:76,0
FN:79,HelperConfig.getEntranceFee
FNDA:0,HelperConfig.getEntranceFee
DA:80,0
DA:80,0
FN:83,HelperConfig.getInterval
FNDA:0,HelperConfig.getInterval
DA:84,0
DA:84,0
FN:87,HelperConfig.getVRFCoordinator
FNDA:0,HelperConfig.getVRFCoordinator
DA:88,0
DA:88,0
FN:91,HelperConfig.getGasLane
FNDA:0,HelperConfig.getGasLane
DA:92,0
DA:92,0
FN:95,HelperConfig.getSubscriptionId
FNDA:0,HelperConfig.getSubscriptionId
DA:96,0
DA:96,0
FN:99,HelperConfig.getCallbackGasLimit
FNDA:0,HelperConfig.getCallbackGasLimit
DA:100,0
DA:100,0
FNF:9
FNH:0
LF:19
LH:0
BRF:2
BRH:0
end_of_record
TN:
SF:script/Interactions.s.sol
FN:11,CreateSubscription.createSubscriptionUsingConfig
FNDA:0,CreateSubscription.createSubscriptionUsingConfig
DA:12,0
DA:12,0
DA:12,0
DA:14,0
DA:14,0
DA:14,0
DA:16,0
DA:16,0
DA:16,0
FN:19,CreateSubscription.createSubscription
FNDA:8,CreateSubscription.createSubscription
DA:22,8
DA:22,8
DA:24,8
DA:24,8
DA:25,8
DA:25,8
DA:25,8
DA:27,8
DA:27,8
DA:29,8
DA:29,8
DA:30,8
DA:30,8
FN:33,CreateSubscription.run
FNDA:0,CreateSubscription.run
DA:34,0
DA:34,0
DA:34,0
FN:41,FundSubscription.fundSubscriptionUsingConfig
FNDA:0,FundSubscription.fundSubscriptionUsingConfig
DA:42,0
DA:42,0
DA:42,0
DA:44,0
DA:44,0
DA:52,0
DA:52,0
DA:53,0
DA:53,0
FN:56,FundSubscription.fundSubscription
FNDA:8,FundSubscription.fundSubscription
DA:61,8
DA:61,8
DA:63,8
DA:63,8
BRDA:63,0,0,-
BRDA:63,0,1,8
DA:64,8
DA:64,8
DA:65,8
DA:65,8
DA:69,8
DA:69,8
DA:71,0
DA:71,0
DA:72,0
DA:72,0
DA:77,0
DA:77,0
FN:81,FundSubscription.run
FNDA:0,FundSubscription.run
DA:82,0
DA:82,0
FN:87,AddConsumer.addConsumer
FNDA:8,AddConsumer.addConsumer
DA:92,8
DA:92,8
DA:94,8
DA:94,8
DA:95,8
DA:95,8
DA:99,8
DA:99,8
FN:102,AddConsumer.addConsumerUsingConfig
FNDA:0,AddConsumer.addConsumerUsingConfig
DA:103,0
DA:103,0
DA:103,0
DA:105,0
DA:105,0
DA:105,0
DA:107,0
DA:107,0
FN:110,AddConsumer.run
FNDA:0,AddConsumer.run
DA:111,0
DA:111,0
DA:111,0
DA:115,0
DA:115,0
FNF:9
FNH:3
LF:32
LH:15
BRF:2
BRH:1
end_of_record
TN:
SF:src/Lottery.sol
FN:86,Lottery.enterLottery
FNDA:6,Lottery.enterLottery
DA:87,6
DA:87,6
BRDA:87,0,0,1
BRDA:87,0,1,5
DA:88,1
DA:88,1
DA:90,5
DA:90,5
BRDA:90,1,0,1
BRDA:90,1,1,4
DA:91,1
DA:91,1
DA:93,4
DA:93,4
DA:94,4
DA:94,4
FN:97,Lottery.performUpkeep
FNDA:2,Lottery.performUpkeep
DA:98,2
DA:98,2
DA:98,2
DA:99,2
DA:99,2
BRDA:99,2,0,-
BRDA:99,2,1,2
DA:100,0
DA:100,0
DA:102,2
DA:102,2
DA:104,2
DA:104,2
DA:104,2
FN:118,Lottery.checkUpkeep
FNDA:3,Lottery.checkUpkeep
DA:121,5
DA:121,5
DA:121,5
DA:121,5
DA:122,5
DA:122,5
DA:122,5
DA:123,5
DA:123,5
DA:123,5
DA:124,5
DA:124,5
DA:124,5
DA:125,5
DA:125,5
DA:126,5
DA:126,5
FN:129,Lottery.fulfillRandomWords
FNDA:0,Lottery.fulfillRandomWords
DA:133,0
DA:133,0
DA:133,0
DA:134,0
DA:134,0
DA:135,0
DA:135,0
DA:136,0
DA:136,0
DA:137,0
DA:137,0
DA:138,0
DA:138,0
DA:139,0
DA:139,0
DA:140,0
DA:140,0
DA:140,0
DA:143,0
DA:143,0
BRDA:143,3,0,-
BRDA:143,3,1,-
DA:144,0
DA:144,0
FN:149,Lottery.getEntranceFee
FNDA:0,Lottery.getEntranceFee
DA:150,0
DA:150,0
FN:153,Lottery.getLotteryState
FNDA:1,Lottery.getLotteryState
DA:154,1
DA:154,1
FN:157,Lottery.getPlayers
FNDA:1,Lottery.getPlayers
DA:158,1
DA:158,1
FN:161,Lottery.getPlayer
FNDA:1,Lottery.getPlayer
DA:162,1
DA:162,1
FNF:8
FNH:6
LF:31
LH:19
BRF:8
BRH:5
end_of_record
TN:
SF:test/mocks/LinkToken.sol
FN:37,LinkToken.transferAndCall
FNDA:0,LinkToken.transferAndCall
DA:42,0
DA:42,0
DA:44,0
DA:44,0
DA:45,0
DA:45,0
BRDA:45,0,0,-
BRDA:45,0,1,-
DA:46,0
DA:46,0
DA:48,0
DA:48,0
FN:53,LinkToken.contractFallback
FNDA:0,LinkToken.contractFallback
DA:58,0
DA:58,0
DA:58,0
DA:59,0
DA:59,0
FN:62,LinkToken.isContract
FNDA:0,LinkToken.isContract
DA:63,0
DA:63,0
DA:65,0
DA:65,0
DA:67,0
DA:67,0
DA:67,0
FNF:3
FNH:0
LF:10
LH:0
BRF:2
BRH:0
end_of_record
